\BOOKMARK [0][-]{chapter.1}{Background}{}% 1
\BOOKMARK [0][-]{chapter.2}{Introduction}{}% 2
\BOOKMARK [0][-]{chapter.3}{Fact\040Verification\040and\040Extraction}{}% 3
\BOOKMARK [1][-]{section.3.1}{Literature\040Review}{chapter.3}% 4
\BOOKMARK [1][-]{section.3.2}{Introduction}{chapter.3}% 5
\BOOKMARK [1][-]{section.3.3}{Experiments}{chapter.3}% 6
\BOOKMARK [1][-]{section.3.4}{Results}{chapter.3}% 7
\BOOKMARK [1][-]{section.3.5}{Conclusion}{chapter.3}% 8
\BOOKMARK [0][-]{chapter.4}{Stance\040Detection}{}% 9
\BOOKMARK [1][-]{section.4.1}{Literature\040Review}{chapter.4}% 10
\BOOKMARK [1][-]{section.4.2}{Introduction}{chapter.4}% 11
\BOOKMARK [1][-]{section.4.3}{Experiments}{chapter.4}% 12
\BOOKMARK [1][-]{section.4.4}{Results}{chapter.4}% 13
\BOOKMARK [1][-]{section.4.5}{Conclusion}{chapter.4}% 14
\BOOKMARK [0][-]{chapter.5}{Fake\040News}{}% 15
\BOOKMARK [1][-]{section.5.1}{Literature\040Review}{chapter.5}% 16
\BOOKMARK [1][-]{section.5.2}{Introduction}{chapter.5}% 17
\BOOKMARK [1][-]{section.5.3}{Experiments}{chapter.5}% 18
\BOOKMARK [1][-]{section.5.4}{Results}{chapter.5}% 19
\BOOKMARK [1][-]{section.5.5}{Conclusion}{chapter.5}% 20
\BOOKMARK [0][-]{chapter.6}{Conclusion}{}% 21
\BOOKMARK [0][-]{chapter.1}{Appendix\040One}{}% 22
\BOOKMARK [1][-]{section.1.1}{Appendix\040section\0401}{chapter.1}% 23
